  Player.cpp
F:\LEAP2021\FinalProject\Leaperoids\TrainingFramework\src\GameObject\Player.cpp(75,29): warning C4244: 'argument': conversion from 'int' to 'GLfloat', possible loss of data
F:\LEAP2021\FinalProject\Leaperoids\TrainingFramework\src\GameObject\Player.cpp(77,49): warning C4244: 'argument': conversion from 'int' to 'GLfloat', possible loss of data
F:\LEAP2021\FinalProject\Leaperoids\TrainingFramework\src\GameObject\Player.cpp(79,26): warning C4244: 'argument': conversion from 'int' to 'GLfloat', possible loss of data
F:\LEAP2021\FinalProject\Leaperoids\TrainingFramework\src\GameObject\Player.cpp(81,46): warning C4244: 'argument': conversion from 'int' to 'GLfloat', possible loss of data
  GSPlay.cpp
F:\LEAP2021\FinalProject\Leaperoids\TrainingFramework\src\GameObject\Enemy.h(41,24): warning C4305: 'initializing': truncation from 'double' to 'float'
F:\LEAP2021\FinalProject\Leaperoids\TrainingFramework\src\GameStates\GSPlay.cpp(35,60): warning C4244: 'argument': conversion from 'int' to 'GLfloat', possible loss of data
F:\LEAP2021\FinalProject\Leaperoids\TrainingFramework\src\GameStates\GSPlay.cpp(35,42): warning C4244: 'argument': conversion from 'int' to 'GLfloat', possible loss of data
F:\LEAP2021\FinalProject\Leaperoids\TrainingFramework\src\GameStates\GSPlay.cpp(41,36): warning C4244: 'argument': conversion from 'int' to 'GLfloat', possible loss of data
F:\LEAP2021\FinalProject\Leaperoids\TrainingFramework\src\GameStates\GSPlay.cpp(52,56): warning C4244: 'argument': conversion from 'int' to 'GLfloat', possible loss of data
F:\LEAP2021\FinalProject\Leaperoids\TrainingFramework\src\GameStates\GSPlay.cpp(52,38): warning C4244: 'argument': conversion from 'int' to 'GLfloat', possible loss of data
F:\LEAP2021\FinalProject\Leaperoids\TrainingFramework\src\GameStates\GSPlay.cpp(61,24): warning C4244: 'argument': conversion from 'int' to 'GLfloat', possible loss of data
F:\LEAP2021\FinalProject\Leaperoids\TrainingFramework\src\GameStates\GSPlay.cpp(93,73): warning C4244: 'argument': conversion from 'int' to 'GLfloat', possible loss of data
F:\LEAP2021\FinalProject\Leaperoids\TrainingFramework\src\GameStates\GSPlay.cpp(93,53): warning C4244: 'argument': conversion from 'int' to 'GLfloat', possible loss of data
F:\LEAP2021\FinalProject\Leaperoids\TrainingFramework\src\GameStates\GSPlay.cpp(95,12): warning C4244: 'argument': conversion from 'time_t' to 'unsigned int', possible loss of data
F:\LEAP2021\FinalProject\Leaperoids\TrainingFramework\src\GameStates\GSPlay.cpp(212,68): warning C4244: 'argument': conversion from 'int' to 'GLfloat', possible loss of data
F:\LEAP2021\FinalProject\Leaperoids\TrainingFramework\src\GameStates\GSPlay.cpp(212,48): warning C4244: 'argument': conversion from 'int' to 'GLfloat', possible loss of data
F:\LEAP2021\FinalProject\Leaperoids\TrainingFramework\src\GameStates\GSPlay.cpp(217,68): warning C4244: 'argument': conversion from 'int' to 'GLfloat', possible loss of data
F:\LEAP2021\FinalProject\Leaperoids\TrainingFramework\src\GameStates\GSPlay.cpp(217,48): warning C4244: 'argument': conversion from 'int' to 'GLfloat', possible loss of data
F:\LEAP2021\FinalProject\Leaperoids\TrainingFramework\src\GameStates\GSPlay.cpp(271,41): warning C4244: 'argument': conversion from 'int' to 'GLfloat', possible loss of data
F:\LEAP2021\FinalProject\Leaperoids\TrainingFramework\src\GameStates\GSPlay.cpp(274,54): warning C4244: 'argument': conversion from 'int' to 'GLfloat', possible loss of data
F:\LEAP2021\FinalProject\Leaperoids\TrainingFramework\src\GameStates\GSPlay.cpp(274,40): warning C4244: 'argument': conversion from 'int' to 'GLfloat', possible loss of data
F:\LEAP2021\FinalProject\Leaperoids\TrainingFramework\src\GameStates\GSPlay.cpp(277,35): warning C4244: 'argument': conversion from 'int' to 'GLfloat', possible loss of data
F:\LEAP2021\FinalProject\Leaperoids\TrainingFramework\src\GameStates\GSPlay.cpp(280,63): warning C4244: 'argument': conversion from 'int' to 'GLfloat', possible loss of data
F:\LEAP2021\FinalProject\Leaperoids\TrainingFramework\src\GameStates\GSPlay.cpp(280,35): warning C4244: 'argument': conversion from 'int' to 'GLfloat', possible loss of data
F:\LEAP2021\FinalProject\Leaperoids\TrainingFramework\src\GameObject\ObjectPool.h(113,38): warning C4244: 'argument': conversion from 'int' to 'GLfloat', possible loss of data
F:\LEAP2021\FinalProject\Leaperoids\TrainingFramework\src\GameObject\ObjectPool.h(106): message : while compiling class template member function 'void ObjectPool<Enemy>::SpawnObjectT(void)'
F:\LEAP2021\FinalProject\Leaperoids\TrainingFramework\src\GameObject\ObjectPool.h(67): message : see reference to function template instantiation 'void ObjectPool<Enemy>::SpawnObjectT(void)' being compiled
F:\LEAP2021\FinalProject\Leaperoids\TrainingFramework\src\GameStates\GSPlay.cpp(167): message : see reference to class template instantiation 'ObjectPool<Enemy>' being compiled
F:\LEAP2021\FinalProject\Leaperoids\TrainingFramework\src\GameObject\ObjectPool.h(114,65): warning C4244: 'argument': conversion from 'int' to 'GLfloat', possible loss of data
F:\LEAP2021\FinalProject\Leaperoids\TrainingFramework\src\GameObject\ObjectPool.h(114,45): warning C4244: 'argument': conversion from 'int' to 'GLfloat', possible loss of data
F:\LEAP2021\FinalProject\Leaperoids\TrainingFramework\src\GameObject\ObjectPool.h(121,33): warning C4244: 'argument': conversion from 'int' to 'GLfloat', possible loss of data
F:\LEAP2021\FinalProject\Leaperoids\TrainingFramework\src\GameObject\ObjectPool.h(122,66): warning C4244: 'argument': conversion from 'int' to 'GLfloat', possible loss of data
F:\LEAP2021\FinalProject\Leaperoids\TrainingFramework\src\GameObject\ObjectPool.h(122,45): warning C4244: 'argument': conversion from 'int' to 'GLfloat', possible loss of data
F:\LEAP2021\FinalProject\Leaperoids\TrainingFramework\src\GameObject\ObjectPool.h(129,51): warning C4244: 'argument': conversion from 'int' to 'GLfloat', possible loss of data
F:\LEAP2021\FinalProject\Leaperoids\TrainingFramework\src\GameObject\ObjectPool.h(129,38): warning C4244: 'argument': conversion from 'int' to 'GLfloat', possible loss of data
F:\LEAP2021\FinalProject\Leaperoids\TrainingFramework\src\GameObject\ObjectPool.h(130,68): warning C4244: 'argument': conversion from 'int' to 'GLfloat', possible loss of data
F:\LEAP2021\FinalProject\Leaperoids\TrainingFramework\src\GameObject\ObjectPool.h(130,32): warning C4244: 'argument': conversion from 'int' to 'GLfloat', possible loss of data
F:\LEAP2021\FinalProject\Leaperoids\TrainingFramework\src\GameObject\ObjectPool.h(137,33): warning C4244: 'argument': conversion from 'int' to 'GLfloat', possible loss of data
F:\LEAP2021\FinalProject\Leaperoids\TrainingFramework\src\GameObject\ObjectPool.h(138,52): warning C4244: 'argument': conversion from 'int' to 'GLfloat', possible loss of data
F:\LEAP2021\FinalProject\Leaperoids\TrainingFramework\src\GameObject\ObjectPool.h(138,45): warning C4244: 'argument': conversion from 'int' to 'GLfloat', possible loss of data
C:\Program Files (x86)\Microsoft Visual Studio\2019\Community\VC\Tools\MSVC\14.28.29910\include\xutility(138,73): warning C4244: 'argument': conversion from '_Ty' to 'float', possible loss of data
          with
          [
              _Ty=double
          ]
C:\Program Files (x86)\Microsoft Visual Studio\2019\Community\VC\Tools\MSVC\14.28.29910\include\memory(2194): message : see reference to function template instantiation 'void std::_Construct_in_place<_Ty,std::shared_ptr<Shaders>&,std::shared_ptr<Font>&,std::basic_string<char,std::char_traits<char>,std::allocator<char>>,TEXT_COLOR,double>(_Ty &,std::shared_ptr<Shaders> &,std::shared_ptr<Font> &,std::basic_string<char,std::char_traits<char>,std::allocator<char>> &&,TEXT_COLOR &&,double &&) noexcept(false)' being compiled
          with
          [
              _Ty=Text
          ]
C:\Program Files (x86)\Microsoft Visual Studio\2019\Community\VC\Tools\MSVC\14.28.29910\include\memory(2907): message : see reference to function template instantiation 'std::_Ref_count_obj2<_Ty>::_Ref_count_obj2<std::shared_ptr<Shaders>&,std::shared_ptr<Font>&,std::basic_string<char,std::char_traits<char>,std::allocator<char>>,TEXT_COLOR,double>(std::shared_ptr<Shaders> &,std::shared_ptr<Font> &,std::basic_string<char,std::char_traits<char>,std::allocator<char>> &&,TEXT_COLOR &&,double &&)' being compiled
          with
          [
              _Ty=Text
          ]
C:\Program Files (x86)\Microsoft Visual Studio\2019\Community\VC\Tools\MSVC\14.28.29910\include\memory(2907): message : see reference to function template instantiation 'std::_Ref_count_obj2<_Ty>::_Ref_count_obj2<std::shared_ptr<Shaders>&,std::shared_ptr<Font>&,std::basic_string<char,std::char_traits<char>,std::allocator<char>>,TEXT_COLOR,double>(std::shared_ptr<Shaders> &,std::shared_ptr<Font> &,std::basic_string<char,std::char_traits<char>,std::allocator<char>> &&,TEXT_COLOR &&,double &&)' being compiled
          with
          [
              _Ty=Text
          ]
F:\LEAP2021\FinalProject\Leaperoids\TrainingFramework\src\GameStates\GSPlay.cpp(86): message : see reference to function template instantiation 'std::shared_ptr<Text> std::make_shared<Text,std::shared_ptr<Shaders>&,std::shared_ptr<Font>&,std::string,TEXT_COLOR,double>(std::shared_ptr<Shaders> &,std::shared_ptr<Font> &,std::string &&,TEXT_COLOR &&,double &&)' being compiled
C:\Program Files (x86)\Microsoft Visual Studio\2019\Community\VC\Tools\MSVC\14.28.29910\include\xutility(138,73): warning C4244: 'argument': conversion from '_Ty' to 'float', possible loss of data
          with
          [
              _Ty=int
          ]
C:\Program Files (x86)\Microsoft Visual Studio\2019\Community\VC\Tools\MSVC\14.28.29910\include\memory(2194): message : see reference to function template instantiation 'void std::_Construct_in_place<_Ty,std::shared_ptr<Shaders>&,std::shared_ptr<Font>&,const char(&)[20],TEXT_COLOR,int>(_Ty &,std::shared_ptr<Shaders> &,std::shared_ptr<Font> &,const char (&)[20],TEXT_COLOR &&,int &&) noexcept(false)' being compiled
          with
          [
              _Ty=Text
          ]
C:\Program Files (x86)\Microsoft Visual Studio\2019\Community\VC\Tools\MSVC\14.28.29910\include\memory(2907): message : see reference to function template instantiation 'std::_Ref_count_obj2<_Ty>::_Ref_count_obj2<std::shared_ptr<Shaders>&,std::shared_ptr<Font>&,const char(&)[20],TEXT_COLOR,int>(std::shared_ptr<Shaders> &,std::shared_ptr<Font> &,const char (&)[20],TEXT_COLOR &&,int &&)' being compiled
          with
          [
              _Ty=Text
          ]
C:\Program Files (x86)\Microsoft Visual Studio\2019\Community\VC\Tools\MSVC\14.28.29910\include\memory(2907): message : see reference to function template instantiation 'std::_Ref_count_obj2<_Ty>::_Ref_count_obj2<std::shared_ptr<Shaders>&,std::shared_ptr<Font>&,const char(&)[20],TEXT_COLOR,int>(std::shared_ptr<Shaders> &,std::shared_ptr<Font> &,const char (&)[20],TEXT_COLOR &&,int &&)' being compiled
          with
          [
              _Ty=Text
          ]
F:\LEAP2021\FinalProject\Leaperoids\TrainingFramework\src\GameStates\GSPlay.cpp(92): message : see reference to function template instantiation 'std::shared_ptr<Text> std::make_shared<Text,std::shared_ptr<Shaders>&,std::shared_ptr<Font>&,const char(&)[20],TEXT_COLOR,int>(std::shared_ptr<Shaders> &,std::shared_ptr<Font> &,const char (&)[20],TEXT_COLOR &&,int &&)' being compiled
F:\LEAP2021\FinalProject\Leaperoids\TrainingFramework\src\GameObject\ObjectPool.h(19,13): warning C4244: 'argument': conversion from 'time_t' to 'unsigned int', possible loss of data
F:\LEAP2021\FinalProject\Leaperoids\TrainingFramework\src\GameObject\ObjectPool.h(17): message : while compiling class template member function 'ObjectPool<Enemy>::ObjectPool(void)'
C:\Program Files (x86)\Microsoft Visual Studio\2019\Community\VC\Tools\MSVC\14.28.29910\include\xutility(138): message : see reference to function template instantiation 'ObjectPool<Enemy>::ObjectPool(void)' being compiled
LINK : warning LNK4098: defaultlib 'LIBCMT' conflicts with use of other libs; use /NODEFAULTLIB:library
  Generating code
  10 of 2200 functions ( 0.5%) were compiled, the rest were copied from previous compilation.
    0 functions were new in current compilation
    20 functions had inline decision re-evaluated but remain unchanged
  Finished generating code
  TrainingFramework.vcxproj -> F:\LEAP2021\FinalProject\Leaperoids\BIN-Nvidia\TrainingFramework.exe
